Starting a Gradle Daemon, 3 stopped Daemons could not be reused, use --status for details
> Task :compileJava
> Task :processResources UP-TO-DATE
> Task :classes
> Task :resolveMainClassName

> Task :bootRun

  .   ____          _            __ _ _
 /\\ / ___'_ __ _ _(_)_ __  __ _ \ \ \ \
( ( )\___ | '_ | '_| | '_ \/ _` | \ \ \ \
 \\/  ___)| |_)| | | | | || (_| |  ) ) ) )
  '  |____| .__|_| |_|_| |_\__, | / / / /
 =========|_|==============|___/=/_/_/_/

 :: Spring Boot ::                (v3.4.1)

2025-04-14T19:59:48.126+05:30  INFO 23859 --- [rent_read] [  restartedMain] com.crio.rent_read.RentReadApplication   : Starting RentReadApplication using Java 17.0.7 with PID 23859 (/tmp/gradle_builds/rent_read/rent_read/classes/java/main started by crio-user in /home/crio-user/workspace/kavyasony7512-ME_BUILDOUT_RENTREAD)
2025-04-14T19:59:48.153+05:30  INFO 23859 --- [rent_read] [  restartedMain] com.crio.rent_read.RentReadApplication   : No active profile set, falling back to 1 default profile: "default"
2025-04-14T19:59:48.263+05:30  INFO 23859 --- [rent_read] [  restartedMain] .e.DevToolsPropertyDefaultsPostProcessor : Devtools property defaults active! Set 'spring.devtools.add-properties' to 'false' to disable
2025-04-14T19:59:48.264+05:30  INFO 23859 --- [rent_read] [  restartedMain] .e.DevToolsPropertyDefaultsPostProcessor : For additional web related logging consider setting the 'logging.level.web' property to 'DEBUG'
2025-04-14T19:59:49.409+05:30  INFO 23859 --- [rent_read] [  restartedMain] .s.d.r.c.RepositoryConfigurationDelegate : Bootstrapping Spring Data JPA repositories in DEFAULT mode.
2025-04-14T19:59:49.487+05:30  INFO 23859 --- [rent_read] [  restartedMain] .s.d.r.c.RepositoryConfigurationDelegate : Finished Spring Data repository scanning in 66 ms. Found 3 JPA repository interfaces.
2025-04-14T19:59:50.332+05:30  INFO 23859 --- [rent_read] [  restartedMain] o.s.b.w.embedded.tomcat.TomcatWebServer  : Tomcat initialized with port 8081 (http)
2025-04-14T19:59:50.349+05:30  INFO 23859 --- [rent_read] [  restartedMain] o.apache.catalina.core.StandardService   : Starting service [Tomcat]
2025-04-14T19:59:50.350+05:30  INFO 23859 --- [rent_read] [  restartedMain] o.apache.catalina.core.StandardEngine    : Starting Servlet engine: [Apache Tomcat/10.1.34]
2025-04-14T19:59:50.400+05:30  INFO 23859 --- [rent_read] [  restartedMain] o.a.c.c.C.[Tomcat].[localhost].[/]       : Initializing Spring embedded WebApplicationContext
2025-04-14T19:59:50.403+05:30  INFO 23859 --- [rent_read] [  restartedMain] w.s.c.ServletWebServerApplicationContext : Root WebApplicationContext: initialization completed in 2135 ms
2025-04-14T19:59:50.620+05:30  INFO 23859 --- [rent_read] [  restartedMain] o.hibernate.jpa.internal.util.LogHelper  : HHH000204: Processing PersistenceUnitInfo [name: default]
2025-04-14T19:59:50.684+05:30  INFO 23859 --- [rent_read] [  restartedMain] org.hibernate.Version                    : HHH000412: Hibernate ORM core version 6.6.4.Final
2025-04-14T19:59:50.722+05:30  INFO 23859 --- [rent_read] [  restartedMain] o.h.c.internal.RegionFactoryInitiator    : HHH000026: Second-level cache disabled
2025-04-14T19:59:51.049+05:30  INFO 23859 --- [rent_read] [  restartedMain] o.s.o.j.p.SpringPersistenceUnitInfo      : No LoadTimeWeaver setup: ignoring JPA class transformer
2025-04-14T19:59:51.090+05:30  INFO 23859 --- [rent_read] [  restartedMain] com.zaxxer.hikari.HikariDataSource       : HikariPool-1 - Starting...
2025-04-14T19:59:51.491+05:30  INFO 23859 --- [rent_read] [  restartedMain] com.zaxxer.hikari.pool.HikariPool        : HikariPool-1 - Added connection com.mysql.cj.jdbc.ConnectionImpl@147f9642
2025-04-14T19:59:51.493+05:30  INFO 23859 --- [rent_read] [  restartedMain] com.zaxxer.hikari.HikariDataSource       : HikariPool-1 - Start completed.
2025-04-14T19:59:51.556+05:30  WARN 23859 --- [rent_read] [  restartedMain] org.hibernate.dialect.Dialect            : HHH000511: The 5.7.42 version for [org.hibernate.dialect.MySQLDialect] is no longer supported, hence certain features may not work properly. The minimum supported version is 8.0.0. Check the community dialects project for available legacy versions.
2025-04-14T19:59:51.588+05:30  INFO 23859 --- [rent_read] [  restartedMain] org.hibernate.orm.connections.pooling    : HHH10001005: Database info:
	Database JDBC URL [Connecting through datasource 'HikariDataSource (HikariPool-1)']
	Database driver: undefined/unknown
	Database version: 5.7.42
	Autocommit mode: undefined/unknown
	Isolation level: undefined/unknown
	Minimum pool size: undefined/unknown
	Maximum pool size: undefined/unknown
2025-04-14T19:59:52.879+05:30  INFO 23859 --- [rent_read] [  restartedMain] o.h.e.t.j.p.i.JtaPlatformInitiator       : HHH000489: No JTA platform available (set 'hibernate.transaction.jta.platform' to enable JTA platform integration)
2025-04-14T19:59:52.977+05:30  INFO 23859 --- [rent_read] [  restartedMain] j.LocalContainerEntityManagerFactoryBean : Initialized JPA EntityManagerFactory for persistence unit 'default'
2025-04-14T19:59:53.598+05:30  INFO 23859 --- [rent_read] [  restartedMain] eAuthenticationProviderManagerConfigurer : Global AuthenticationManager configured with AuthenticationProvider bean with name authenticationProvider
2025-04-14T19:59:53.599+05:30  WARN 23859 --- [rent_read] [  restartedMain] r$InitializeUserDetailsManagerConfigurer : Global AuthenticationManager configured with an AuthenticationProvider bean. UserDetailsService beans will not be used by Spring Security for automatically configuring username/password login. Consider removing the AuthenticationProvider bean. Alternatively, consider using the UserDetailsService in a manually instantiated DaoAuthenticationProvider. If the current configuration is intentional, to turn off this warning, increase the logging level of 'org.springframework.security.config.annotation.authentication.configuration.InitializeUserDetailsBeanManagerConfigurer' to ERROR
2025-04-14T19:59:53.673+05:30  WARN 23859 --- [rent_read] [  restartedMain] JpaBaseConfiguration$JpaWebConfiguration : spring.jpa.open-in-view is enabled by default. Therefore, database queries may be performed during view rendering. Explicitly configure spring.jpa.open-in-view to disable this warning
2025-04-14T19:59:54.631+05:30  INFO 23859 --- [rent_read] [  restartedMain] o.s.b.d.a.OptionalLiveReloadServer       : LiveReload server is running on port 35729
2025-04-14T19:59:54.672+05:30  INFO 23859 --- [rent_read] [  restartedMain] o.s.b.w.embedded.tomcat.TomcatWebServer  : Tomcat started on port 8081 (http) with context path '/'
2025-04-14T19:59:54.696+05:30  INFO 23859 --- [rent_read] [  restartedMain] com.crio.rent_read.RentReadApplication   : Started RentReadApplication in 7.183 seconds (process running for 7.849)
2025-04-14T19:59:55.604+05:30  INFO 23859 --- [rent_read] [nio-8081-exec-1] o.a.c.c.C.[Tomcat].[localhost].[/]       : Initializing Spring DispatcherServlet 'dispatcherServlet'
2025-04-14T19:59:55.604+05:30  INFO 23859 --- [rent_read] [nio-8081-exec-1] o.s.web.servlet.DispatcherServlet        : Initializing Servlet 'dispatcherServlet'
2025-04-14T19:59:55.607+05:30  INFO 23859 --- [rent_read] [nio-8081-exec-1] o.s.web.servlet.DispatcherServlet        : Completed initialization in 2 ms
2025-04-14T19:59:59.804+05:30  WARN 23859 --- [rent_read] [nio-8081-exec-8] .m.m.a.ExceptionHandlerExceptionResolver : Resolved [com.crio.rent_read.exceptions.RentalLimitExceededException: User has already reached the rental limit!]
